<?xml version="1.0" encoding="UTF-8"?>
<!-- Generated by org.testng.reporters.JUnitReportReporter -->
<testsuite hostname="LAPTOP-VBDARK03" failures="0" tests="1" name="com.bookmyshow.Test.SportsPageTest" time="244.709" errors="0" timestamp="30 Jul 2021 04:49:18 GMT" skipped="0">
  <testcase classname="com.bookmyshow.Test.SportsPageTest" name="sportsPageTest" time="244.709"/>
</testsuite> <!-- com.bookmyshow.Test.SportsPageTest -->
