<?xml version="1.0" encoding="UTF-8"?>
<!-- Generated by org.testng.reporters.JUnitReportReporter -->
<testsuite hostname="LAPTOP-VBDARK03" failures="0" tests="1" name="com.bookmyshow.Test.SignInTest" time="10.147" errors="0" timestamp="30 Jul 2021 04:21:22 GMT" skipped="0">
  <testcase classname="com.bookmyshow.Test.SignInTest" name="singinPageTest" time="10.147"/>
</testsuite> <!-- com.bookmyshow.Test.SignInTest -->
