<?xml version="1.0" encoding="UTF-8"?>
<!-- Generated by org.testng.reporters.JUnitReportReporter -->
<testsuite hostname="LAPTOP-VBDARK03" failures="0" tests="1" name="com.bookmyshow.Test.MoviesTest" time="10.097" errors="0" timestamp="13 Aug 2021 14:10:14 GMT" skipped="0">
  <testcase classname="com.bookmyshow.Test.MoviesTest" name="moviesPageTest" time="10.097"/>
</testsuite> <!-- com.bookmyshow.Test.MoviesTest -->
